0 info it worked if it ends with ok
1 verbose cli [ 'C:\\Program Files\\nodejs\\node.exe',
1 verbose cli   'C:\\Program Files\\nodejs\\node_modules\\npm\\bin\\npm-cli.js',
1 verbose cli   'i',
1 verbose cli   '-g',
1 verbose cli   'bower' ]
2 info using npm@2.15.1
3 info using node@v4.4.3
4 verbose install initial load of C:\Users\Nam_Trung\AppData\Roaming\npm\package.json
5 verbose readDependencies loading dependencies from C:\Users\Nam_Trung\AppData\Roaming\npm\package.json
6 silly cache add args [ 'bower', null ]
7 verbose cache add spec bower
8 silly cache add parsed spec Result {
8 silly cache add   raw: 'bower',
8 silly cache add   scope: null,
8 silly cache add   name: 'bower',
8 silly cache add   rawSpec: '',
8 silly cache add   spec: 'latest',
8 silly cache add   type: 'tag' }
9 silly addNamed bower@latest
10 verbose addNamed "latest" is being treated as a dist-tag for bower
11 info addNameTag [ 'bower', 'latest' ]
12 silly mapToRegistry name bower
13 silly mapToRegistry using default registry
14 silly mapToRegistry registry https://registry.npmjs.org/
15 silly mapToRegistry data Result {
15 silly mapToRegistry   raw: 'bower',
15 silly mapToRegistry   scope: null,
15 silly mapToRegistry   name: 'bower',
15 silly mapToRegistry   rawSpec: '',
15 silly mapToRegistry   spec: 'latest',
15 silly mapToRegistry   type: 'tag' }
16 silly mapToRegistry uri https://registry.npmjs.org/bower
17 verbose addNameTag registry:https://registry.npmjs.org/bower not in flight; fetching
18 verbose request uri https://registry.npmjs.org/bower
19 verbose request no auth needed
20 info attempt registry request try #1 at 11:47:42 AM
21 verbose request id 45b84efc364a32d5
22 verbose etag W/"587fedb4-2ad5f"
23 verbose lastModified Wed, 18 Jan 2017 22:35:32 GMT
24 http request GET https://registry.npmjs.org/bower
25 http 304 https://registry.npmjs.org/bower
26 verbose headers { date: 'Fri, 20 Jan 2017 04:47:44 GMT',
26 verbose headers   via: '1.1 varnish',
26 verbose headers   'cache-control': 'max-age=300',
26 verbose headers   etag: 'W/"587fedb4-2ad5f"',
26 verbose headers   age: '170',
26 verbose headers   connection: 'keep-alive',
26 verbose headers   'x-served-by': 'cache-hkg6824-HKG',
26 verbose headers   'x-cache': 'HIT',
26 verbose headers   'x-cache-hits': '1',
26 verbose headers   'x-timer': 'S1484887664.371372,VS0,VE0',
26 verbose headers   vary: 'Accept-Encoding' }
27 silly get cb [ 304,
27 silly get   { date: 'Fri, 20 Jan 2017 04:47:44 GMT',
27 silly get     via: '1.1 varnish',
27 silly get     'cache-control': 'max-age=300',
27 silly get     etag: 'W/"587fedb4-2ad5f"',
27 silly get     age: '170',
27 silly get     connection: 'keep-alive',
27 silly get     'x-served-by': 'cache-hkg6824-HKG',
27 silly get     'x-cache': 'HIT',
27 silly get     'x-cache-hits': '1',
27 silly get     'x-timer': 'S1484887664.371372,VS0,VE0',
27 silly get     vary: 'Accept-Encoding' } ]
28 verbose etag https://registry.npmjs.org/bower from cache
29 verbose get saving bower to C:\Users\Nam Trung\AppData\Roaming\npm-cache\registry.npmjs.org\bower\.cache.json
30 verbose correctMkdir C:\Users\Nam Trung\AppData\Roaming\npm-cache correctMkdir not in flight; initializing
31 silly addNameTag next cb for bower with tag latest
32 silly addNamed bower@1.8.0
33 verbose addNamed "1.8.0" is a plain semver version for bower
34 silly cache afterAdd bower@1.8.0
35 verbose afterAdd C:\Users\Nam Trung\AppData\Roaming\npm-cache\bower\1.8.0\package\package.json not in flight; writing
36 verbose correctMkdir C:\Users\Nam Trung\AppData\Roaming\npm-cache correctMkdir not in flight; initializing
37 verbose afterAdd C:\Users\Nam Trung\AppData\Roaming\npm-cache\bower\1.8.0\package\package.json written
38 silly install resolved [ { name: 'bower',
38 silly install resolved     version: '1.8.0',
38 silly install resolved     description: 'The browser package manager',
38 silly install resolved     author: { name: 'Twitter' },
38 silly install resolved     license: 'MIT',
38 silly install resolved     repository: { type: 'git', url: 'git+https://github.com/bower/bower.git' },
38 silly install resolved     main: 'lib',
38 silly install resolved     bin: { bower: 'bin/bower' },
38 silly install resolved     homepage: 'http://bower.io',
38 silly install resolved     engines: { node: '>=0.10.0' },
38 silly install resolved     keywords: [ 'bower' ],
38 silly install resolved     files: [ 'bin', 'lib' ],
38 silly install resolved     bugs: { url: 'https://github.com/bower/bower/issues' },
38 silly install resolved     _id: 'bower@1.8.0',
38 silly install resolved     scripts: {},
38 silly install resolved     _shasum: '55dbebef0ad9155382d9e9d3e497c1372345b44a',
38 silly install resolved     _from: 'bower@latest',
38 silly install resolved     _npmVersion: '3.10.9',
38 silly install resolved     _nodeVersion: '4.4.6',
38 silly install resolved     _npmUser: { name: 'sheerun', email: 'sheerun@sher.pl' },
38 silly install resolved     dist:
38 silly install resolved      { shasum: '55dbebef0ad9155382d9e9d3e497c1372345b44a',
38 silly install resolved        tarball: 'https://registry.npmjs.org/bower/-/bower-1.8.0.tgz' },
38 silly install resolved     maintainers:
38 silly install resolved      [ [Object],
38 silly install resolved        [Object],
38 silly install resolved        [Object],
38 silly install resolved        [Object],
38 silly install resolved        [Object],
38 silly install resolved        [Object],
38 silly install resolved        [Object] ],
38 silly install resolved     _npmOperationalInternal:
38 silly install resolved      { host: 'packages-18-east.internal.npmjs.com',
38 silly install resolved        tmp: 'tmp/bower-1.8.0.tgz_1478512918020_0.7136248126626015' },
38 silly install resolved     directories: {},
38 silly install resolved     _resolved: 'https://registry.npmjs.org/bower/-/bower-1.8.0.tgz',
38 silly install resolved     readme: 'ERROR: No README data found!' } ]
39 info install bower@1.8.0 into C:\Users\Nam_Trung\AppData\Roaming\npm
40 info installOne bower@1.8.0
41 verbose installOne of bower to C:\Users\Nam_Trung\AppData\Roaming\npm not in flight; installing
42 verbose correctMkdir C:\Users\Nam Trung\AppData\Roaming\npm-cache\_locks correctMkdir not in flight; initializing
43 verbose lock using C:\Users\Nam Trung\AppData\Roaming\npm-cache\_locks\bower-934857c742af8b02.lock for C:\Users\Nam_Trung\AppData\Roaming\npm\node_modules\bower
44 silly install write writing bower 1.8.0 to C:\Users\Nam_Trung\AppData\Roaming\npm\node_modules\bower
45 verbose unbuild node_modules\bower
46 info preuninstall bower@1.7.9
47 info uninstall bower@1.7.9
48 verbose unbuild rmStuff bower@1.7.9 from C:\Users\Nam_Trung\AppData\Roaming\npm\node_modules
49 silly gentlyRm C:\Users\Nam_Trung\AppData\Roaming\npm\bower.cmd is being gently removed
50 silly gentlyRm verifying C:\Users\Nam_Trung\AppData\Roaming\npm is an npm working directory
51 silly gentlyRm containing path C:\Users\Nam_Trung\AppData\Roaming\npm is under npm's control, in C:\Users\Nam_Trung\AppData\Roaming\npm
52 silly gentlyRm deletion target C:\Users\Nam_Trung\AppData\Roaming\npm\bower.cmd is under C:\Users\Nam_Trung\AppData\Roaming\npm
53 verbose gentlyRm vacuuming from C:\Users\Nam_Trung\AppData\Roaming\npm\bower.cmd up to C:\Users\Nam_Trung\AppData\Roaming\npm
54 silly vacuum-fs removing C:\Users\Nam_Trung\AppData\Roaming\npm\bower.cmd
55 verbose unlock done using C:\Users\Nam Trung\AppData\Roaming\npm-cache\_locks\bower-934857c742af8b02.lock for C:\Users\Nam_Trung\AppData\Roaming\npm\node_modules\bower
56 verbose stack Error: EPERM: operation not permitted, unlink 'C:\Users\Nam_Trung\AppData\Roaming\npm\bower.cmd'
56 verbose stack     at Error (native)
57 verbose cwd C:\jekyll\mobifone
58 error Windows_NT 10.0.14393
59 error argv "C:\\Program Files\\nodejs\\node.exe" "C:\\Program Files\\nodejs\\node_modules\\npm\\bin\\npm-cli.js" "i" "-g" "bower"
60 error node v4.4.3
61 error npm  v2.15.1
62 error path C:\Users\Nam_Trung\AppData\Roaming\npm\bower.cmd
63 error code EPERM
64 error errno -4048
65 error syscall unlink
66 error Error: EPERM: operation not permitted, unlink 'C:\Users\Nam_Trung\AppData\Roaming\npm\bower.cmd'
66 error     at Error (native)
66 error  { [Error: EPERM: operation not permitted, unlink 'C:\Users\Nam_Trung\AppData\Roaming\npm\bower.cmd']
66 error   errno: -4048,
66 error   code: 'EPERM',
66 error   syscall: 'unlink',
66 error   path: 'C:\\Users\\Nam_Trung\\AppData\\Roaming\\npm\\bower.cmd' }
67 error Please try running this command again as root/Administrator.
68 verbose exit [ -4048, true ]
69 verbose unbuild node_modules\bower
70 info preuninstall bower@1.7.9
71 info uninstall bower@1.7.9
72 verbose unbuild rmStuff bower@1.7.9 from C:\Users\Nam_Trung\AppData\Roaming\npm\node_modules
73 silly gentlyRm C:\Users\Nam_Trung\AppData\Roaming\npm\bower.cmd is being gently removed
74 silly gentlyRm verifying C:\Users\Nam_Trung\AppData\Roaming\npm is an npm working directory
75 silly gentlyRm containing path C:\Users\Nam_Trung\AppData\Roaming\npm is under npm's control, in C:\Users\Nam_Trung\AppData\Roaming\npm
76 silly gentlyRm deletion target C:\Users\Nam_Trung\AppData\Roaming\npm\bower.cmd is under C:\Users\Nam_Trung\AppData\Roaming\npm
77 verbose gentlyRm vacuuming from C:\Users\Nam_Trung\AppData\Roaming\npm\bower.cmd up to C:\Users\Nam_Trung\AppData\Roaming\npm
78 silly vacuum-fs removing C:\Users\Nam_Trung\AppData\Roaming\npm\bower.cmd
79 error error rolling back Error: EPERM: operation not permitted, unlink 'C:\Users\Nam_Trung\AppData\Roaming\npm\bower.cmd'
79 error error rolling back     at Error (native)
79 error error rolling back  { [Error: EPERM: operation not permitted, unlink 'C:\Users\Nam_Trung\AppData\Roaming\npm\bower.cmd']
79 error error rolling back   errno: -4048,
79 error error rolling back   code: 'EPERM',
79 error error rolling back   syscall: 'unlink',
79 error error rolling back   path: 'C:\\Users\\Nam_Trung\\AppData\\Roaming\\npm\\bower.cmd' }
